  [1m[36m (12.0ms)[0m  [1mCREATE TABLE "schema_migrations" ("version" varchar NOT NULL) [0m
  [1m[35m (0.1ms)[0m  select sqlite_version(*)
  [1m[36m (16.9ms)[0m  [1mCREATE UNIQUE INDEX "unique_schema_migrations" ON "schema_migrations" ("version")[0m
  [1m[35mActiveRecord::SchemaMigration Load (0.1ms)[0m  SELECT "schema_migrations".* FROM "schema_migrations"
Migrating to CreatePeople (20181024013452)
  [1m[36m (0.1ms)[0m  [1mbegin transaction[0m
  [1m[35m (0.4ms)[0m  CREATE TABLE "people" ("id" INTEGER PRIMARY KEY AUTOINCREMENT NOT NULL, "name" varchar, "age" integer, "number" varchar, "created_at" datetime NOT NULL, "updated_at" datetime NOT NULL) 
  [1m[36mSQL (0.2ms)[0m  [1mINSERT INTO "schema_migrations" ("version") VALUES (?)[0m  [["version", "20181024013452"]]
  [1m[35m (11.8ms)[0m  commit transaction
  [1m[36mActiveRecord::SchemaMigration Load (0.1ms)[0m  [1mSELECT "schema_migrations".* FROM "schema_migrations"[0m


Started GET "/" for 127.0.0.1 at 2018-10-23 22:39:13 -0300
  [1m[36mActiveRecord::SchemaMigration Load (0.1ms)[0m  [1mSELECT "schema_migrations".* FROM "schema_migrations"[0m
Processing by Rails::WelcomeController#index as HTML
  Rendered /home/matiasnote/.rvm/gems/ruby-2.3.1/gems/railties-4.2.0/lib/rails/templates/rails/welcome/index.html.erb (1.2ms)
Completed 200 OK in 14ms (Views: 7.0ms | ActiveRecord: 0.0ms)
REST_API: skipping Rails::WelcomeController#index


Started GET "/serviceworker.js" for 127.0.0.1 at 2018-10-23 22:39:14 -0300

ActionController::RoutingError (No route matches [GET] "/serviceworker.js"):
  actionpack (4.2.0) lib/action_dispatch/middleware/debug_exceptions.rb:21:in `call'
  actionpack (4.2.0) lib/action_dispatch/middleware/show_exceptions.rb:30:in `call'
  railties (4.2.0) lib/rails/rack/logger.rb:38:in `call_app'
  railties (4.2.0) lib/rails/rack/logger.rb:20:in `block in call'
  activesupport (4.2.0) lib/active_support/tagged_logging.rb:68:in `block in tagged'
  activesupport (4.2.0) lib/active_support/tagged_logging.rb:26:in `tagged'
  activesupport (4.2.0) lib/active_support/tagged_logging.rb:68:in `tagged'
  railties (4.2.0) lib/rails/rack/logger.rb:20:in `call'
  actionpack (4.2.0) lib/action_dispatch/middleware/request_id.rb:21:in `call'
  rack (1.6.10) lib/rack/methodoverride.rb:22:in `call'
  rack (1.6.10) lib/rack/runtime.rb:18:in `call'
  activesupport (4.2.0) lib/active_support/cache/strategy/local_cache_middleware.rb:28:in `call'
  rack (1.6.10) lib/rack/lock.rb:17:in `call'
  actionpack (4.2.0) lib/action_dispatch/middleware/static.rb:113:in `call'
  rack (1.6.10) lib/rack/sendfile.rb:113:in `call'
  railties (4.2.0) lib/rails/engine.rb:518:in `call'
  railties (4.2.0) lib/rails/application.rb:164:in `call'
  rack (1.6.10) lib/rack/lock.rb:17:in `call'
  rack (1.6.10) lib/rack/content_length.rb:15:in `call'
  rack (1.6.10) lib/rack/handler/webrick.rb:88:in `service'
  /home/matiasnote/.rvm/rubies/ruby-2.3.1/lib/ruby/2.3.0/webrick/httpserver.rb:140:in `service'
  /home/matiasnote/.rvm/rubies/ruby-2.3.1/lib/ruby/2.3.0/webrick/httpserver.rb:96:in `run'
  /home/matiasnote/.rvm/rubies/ruby-2.3.1/lib/ruby/2.3.0/webrick/server.rb:296:in `block in start_thread'


  Rendered /home/matiasnote/.rvm/gems/ruby-2.3.1/gems/actionpack-4.2.0/lib/action_dispatch/middleware/templates/rescues/_trace.html.erb (1.2ms)
  Rendered /home/matiasnote/.rvm/gems/ruby-2.3.1/gems/actionpack-4.2.0/lib/action_dispatch/middleware/templates/routes/_route.html.erb (0.8ms)
  Rendered /home/matiasnote/.rvm/gems/ruby-2.3.1/gems/actionpack-4.2.0/lib/action_dispatch/middleware/templates/routes/_table.html.erb (5.6ms)
  Rendered /home/matiasnote/.rvm/gems/ruby-2.3.1/gems/actionpack-4.2.0/lib/action_dispatch/middleware/templates/rescues/_request_and_response.html.erb (1.0ms)
  Rendered /home/matiasnote/.rvm/gems/ruby-2.3.1/gems/actionpack-4.2.0/lib/action_dispatch/middleware/templates/rescues/routing_error.html.erb within rescues/layout (27.4ms)


Started GET "/apipie" for 127.0.0.1 at 2018-10-23 22:39:17 -0300
Processing by Apipie::ApipiesController#index as HTML
  Rendered /home/matiasnote/.rvm/gems/ruby-2.3.1/gems/apipie-rails-0.5.13/app/views/apipie/apipies/apipie_404.html.erb within layouts/apipie/apipie (0.9ms)
Completed 404 Not Found in 35ms (Views: 6.1ms | ActiveRecord: 0.0ms)
REST_API: skipping Apipie::ApipiesController#index


Started GET "/apipie" for 127.0.0.1 at 2018-10-23 22:39:17 -0300
Processing by Apipie::ApipiesController#index as HTML
  Rendered /home/matiasnote/.rvm/gems/ruby-2.3.1/gems/apipie-rails-0.5.13/app/views/apipie/apipies/apipie_404.html.erb within layouts/apipie/apipie (0.3ms)
Completed 404 Not Found in 26ms (Views: 3.7ms | ActiveRecord: 0.0ms)
REST_API: skipping Apipie::ApipiesController#index


Started GET "/apipie/stylesheets/bundled/bootstrap.min.css" for 127.0.0.1 at 2018-10-23 22:39:18 -0300


Started GET "/apipie/stylesheets/bundled/prettify.css" for 127.0.0.1 at 2018-10-23 22:39:18 -0300


Started GET "/apipie/stylesheets/application.css" for 127.0.0.1 at 2018-10-23 22:39:18 -0300


Started GET "/apipie/stylesheets/bundled/bootstrap-responsive.min.css" for 127.0.0.1 at 2018-10-23 22:39:18 -0300


Started GET "/apipie/javascripts/bundled/bootstrap-collapse.js" for 127.0.0.1 at 2018-10-23 22:39:18 -0300


Started GET "/apipie/javascripts/bundled/jquery.js" for 127.0.0.1 at 2018-10-23 22:39:18 -0300


Started GET "/apipie/javascripts/bundled/prettify.js" for 127.0.0.1 at 2018-10-23 22:39:18 -0300


Started GET "/apipie/javascripts/apipie.js" for 127.0.0.1 at 2018-10-23 22:39:18 -0300


Started GET "/serviceworker.js" for 127.0.0.1 at 2018-10-23 22:39:19 -0300

ActionController::RoutingError (No route matches [GET] "/serviceworker.js"):
  actionpack (4.2.0) lib/action_dispatch/middleware/debug_exceptions.rb:21:in `call'
  actionpack (4.2.0) lib/action_dispatch/middleware/show_exceptions.rb:30:in `call'
  railties (4.2.0) lib/rails/rack/logger.rb:38:in `call_app'
  railties (4.2.0) lib/rails/rack/logger.rb:20:in `block in call'
  activesupport (4.2.0) lib/active_support/tagged_logging.rb:68:in `block in tagged'
  activesupport (4.2.0) lib/active_support/tagged_logging.rb:26:in `tagged'
  activesupport (4.2.0) lib/active_support/tagged_logging.rb:68:in `tagged'
  railties (4.2.0) lib/rails/rack/logger.rb:20:in `call'
  actionpack (4.2.0) lib/action_dispatch/middleware/request_id.rb:21:in `call'
  rack (1.6.10) lib/rack/methodoverride.rb:22:in `call'
  rack (1.6.10) lib/rack/runtime.rb:18:in `call'
  activesupport (4.2.0) lib/active_support/cache/strategy/local_cache_middleware.rb:28:in `call'
  rack (1.6.10) lib/rack/lock.rb:17:in `call'
  actionpack (4.2.0) lib/action_dispatch/middleware/static.rb:113:in `call'
  rack (1.6.10) lib/rack/sendfile.rb:113:in `call'
  railties (4.2.0) lib/rails/engine.rb:518:in `call'
  railties (4.2.0) lib/rails/application.rb:164:in `call'
  rack (1.6.10) lib/rack/lock.rb:17:in `call'
  rack (1.6.10) lib/rack/content_length.rb:15:in `call'
  rack (1.6.10) lib/rack/handler/webrick.rb:88:in `service'
  /home/matiasnote/.rvm/rubies/ruby-2.3.1/lib/ruby/2.3.0/webrick/httpserver.rb:140:in `service'
  /home/matiasnote/.rvm/rubies/ruby-2.3.1/lib/ruby/2.3.0/webrick/httpserver.rb:96:in `run'
  /home/matiasnote/.rvm/rubies/ruby-2.3.1/lib/ruby/2.3.0/webrick/server.rb:296:in `block in start_thread'


  Rendered /home/matiasnote/.rvm/gems/ruby-2.3.1/gems/actionpack-4.2.0/lib/action_dispatch/middleware/templates/rescues/_trace.html.erb (1.2ms)
  Rendered /home/matiasnote/.rvm/gems/ruby-2.3.1/gems/actionpack-4.2.0/lib/action_dispatch/middleware/templates/routes/_route.html.erb (0.9ms)
  Rendered /home/matiasnote/.rvm/gems/ruby-2.3.1/gems/actionpack-4.2.0/lib/action_dispatch/middleware/templates/routes/_table.html.erb (1.1ms)
  Rendered /home/matiasnote/.rvm/gems/ruby-2.3.1/gems/actionpack-4.2.0/lib/action_dispatch/middleware/templates/rescues/_request_and_response.html.erb (0.9ms)
  Rendered /home/matiasnote/.rvm/gems/ruby-2.3.1/gems/actionpack-4.2.0/lib/action_dispatch/middleware/templates/rescues/routing_error.html.erb within rescues/layout (19.3ms)


Started GET "/apipie" for 127.0.0.1 at 2018-10-23 22:40:28 -0300
  [1m[36mActiveRecord::SchemaMigration Load (0.1ms)[0m  [1mSELECT "schema_migrations".* FROM "schema_migrations"[0m
Processing by Apipie::ApipiesController#index as HTML
  Rendered /home/matiasnote/.rvm/gems/ruby-2.3.1/gems/apipie-rails-0.5.13/app/views/apipie/apipies/apipie_404.html.erb within layouts/apipie/apipie (2.0ms)
Completed 404 Not Found in 53ms (Views: 12.4ms | ActiveRecord: 0.0ms)


Started GET "/apipie/stylesheets/bundled/prettify.css" for 127.0.0.1 at 2018-10-23 22:40:28 -0300


Started GET "/apipie/javascripts/bundled/jquery.js" for 127.0.0.1 at 2018-10-23 22:40:28 -0300


Started GET "/apipie/stylesheets/bundled/bootstrap.min.css" for 127.0.0.1 at 2018-10-23 22:40:28 -0300


Started GET "/apipie/stylesheets/application.css" for 127.0.0.1 at 2018-10-23 22:40:28 -0300


Started GET "/apipie/javascripts/bundled/bootstrap-collapse.js" for 127.0.0.1 at 2018-10-23 22:40:28 -0300


Started GET "/apipie/stylesheets/bundled/bootstrap-responsive.min.css" for 127.0.0.1 at 2018-10-23 22:40:28 -0300


Started GET "/apipie/javascripts/bundled/prettify.js" for 127.0.0.1 at 2018-10-23 22:40:28 -0300


Started GET "/apipie/javascripts/apipie.js" for 127.0.0.1 at 2018-10-23 22:40:28 -0300


Started GET "/apipie" for 127.0.0.1 at 2018-10-23 22:40:29 -0300
Processing by Apipie::ApipiesController#index as HTML
  Rendered /home/matiasnote/.rvm/gems/ruby-2.3.1/gems/apipie-rails-0.5.13/app/views/apipie/apipies/apipie_404.html.erb within layouts/apipie/apipie (0.2ms)
Completed 404 Not Found in 23ms (Views: 4.7ms | ActiveRecord: 0.0ms)


Started GET "/serviceworker.js" for 127.0.0.1 at 2018-10-23 22:40:29 -0300

ActionController::RoutingError (No route matches [GET] "/serviceworker.js"):
  actionpack (4.2.0) lib/action_dispatch/middleware/debug_exceptions.rb:21:in `call'
  actionpack (4.2.0) lib/action_dispatch/middleware/show_exceptions.rb:30:in `call'
  railties (4.2.0) lib/rails/rack/logger.rb:38:in `call_app'
  railties (4.2.0) lib/rails/rack/logger.rb:20:in `block in call'
  activesupport (4.2.0) lib/active_support/tagged_logging.rb:68:in `block in tagged'
  activesupport (4.2.0) lib/active_support/tagged_logging.rb:26:in `tagged'
  activesupport (4.2.0) lib/active_support/tagged_logging.rb:68:in `tagged'
  railties (4.2.0) lib/rails/rack/logger.rb:20:in `call'
  actionpack (4.2.0) lib/action_dispatch/middleware/request_id.rb:21:in `call'
  rack (1.6.10) lib/rack/methodoverride.rb:22:in `call'
  rack (1.6.10) lib/rack/runtime.rb:18:in `call'
  activesupport (4.2.0) lib/active_support/cache/strategy/local_cache_middleware.rb:28:in `call'
  rack (1.6.10) lib/rack/lock.rb:17:in `call'
  actionpack (4.2.0) lib/action_dispatch/middleware/static.rb:113:in `call'
  rack (1.6.10) lib/rack/sendfile.rb:113:in `call'
  railties (4.2.0) lib/rails/engine.rb:518:in `call'
  railties (4.2.0) lib/rails/application.rb:164:in `call'
  rack (1.6.10) lib/rack/lock.rb:17:in `call'
  rack (1.6.10) lib/rack/content_length.rb:15:in `call'
  rack (1.6.10) lib/rack/handler/webrick.rb:88:in `service'
  /home/matiasnote/.rvm/rubies/ruby-2.3.1/lib/ruby/2.3.0/webrick/httpserver.rb:140:in `service'
  /home/matiasnote/.rvm/rubies/ruby-2.3.1/lib/ruby/2.3.0/webrick/httpserver.rb:96:in `run'
  /home/matiasnote/.rvm/rubies/ruby-2.3.1/lib/ruby/2.3.0/webrick/server.rb:296:in `block in start_thread'


  Rendered /home/matiasnote/.rvm/gems/ruby-2.3.1/gems/actionpack-4.2.0/lib/action_dispatch/middleware/templates/rescues/_trace.html.erb (1.5ms)
  Rendered /home/matiasnote/.rvm/gems/ruby-2.3.1/gems/actionpack-4.2.0/lib/action_dispatch/middleware/templates/routes/_route.html.erb (1.7ms)
  Rendered /home/matiasnote/.rvm/gems/ruby-2.3.1/gems/actionpack-4.2.0/lib/action_dispatch/middleware/templates/routes/_table.html.erb (7.2ms)
  Rendered /home/matiasnote/.rvm/gems/ruby-2.3.1/gems/actionpack-4.2.0/lib/action_dispatch/middleware/templates/rescues/_request_and_response.html.erb (0.9ms)
  Rendered /home/matiasnote/.rvm/gems/ruby-2.3.1/gems/actionpack-4.2.0/lib/action_dispatch/middleware/templates/rescues/routing_error.html.erb within rescues/layout (45.0ms)


Started GET "/apipie/stylesheets/bundled/prettify.css" for 127.0.0.1 at 2018-10-23 22:40:29 -0300


Started GET "/apipie/javascripts/bundled/jquery.js" for 127.0.0.1 at 2018-10-23 22:40:29 -0300


Started GET "/apipie/stylesheets/bundled/bootstrap.min.css" for 127.0.0.1 at 2018-10-23 22:40:29 -0300


Started GET "/apipie/stylesheets/bundled/bootstrap-responsive.min.css" for 127.0.0.1 at 2018-10-23 22:40:29 -0300


Started GET "/apipie/stylesheets/application.css" for 127.0.0.1 at 2018-10-23 22:40:29 -0300


Started GET "/apipie/javascripts/bundled/bootstrap-collapse.js" for 127.0.0.1 at 2018-10-23 22:40:29 -0300


Started GET "/apipie/javascripts/bundled/prettify.js" for 127.0.0.1 at 2018-10-23 22:40:29 -0300


Started GET "/apipie/javascripts/apipie.js" for 127.0.0.1 at 2018-10-23 22:40:29 -0300


Started GET "/apipie" for 127.0.0.1 at 2018-10-23 22:40:30 -0300
Processing by Apipie::ApipiesController#index as HTML
  Rendered /home/matiasnote/.rvm/gems/ruby-2.3.1/gems/apipie-rails-0.5.13/app/views/apipie/apipies/apipie_404.html.erb within layouts/apipie/apipie (0.2ms)
Completed 404 Not Found in 25ms (Views: 4.4ms | ActiveRecord: 0.0ms)


Started GET "/apipie/stylesheets/bundled/bootstrap.min.css" for 127.0.0.1 at 2018-10-23 22:40:30 -0300


Started GET "/apipie/stylesheets/bundled/prettify.css" for 127.0.0.1 at 2018-10-23 22:40:30 -0300


Started GET "/apipie/stylesheets/bundled/bootstrap-responsive.min.css" for 127.0.0.1 at 2018-10-23 22:40:30 -0300


Started GET "/apipie/stylesheets/application.css" for 127.0.0.1 at 2018-10-23 22:40:30 -0300


Started GET "/apipie/javascripts/bundled/jquery.js" for 127.0.0.1 at 2018-10-23 22:40:30 -0300


Started GET "/apipie/javascripts/apipie.js" for 127.0.0.1 at 2018-10-23 22:40:30 -0300


Started GET "/apipie/javascripts/bundled/prettify.js" for 127.0.0.1 at 2018-10-23 22:40:30 -0300


Started GET "/apipie/javascripts/bundled/bootstrap-collapse.js" for 127.0.0.1 at 2018-10-23 22:40:30 -0300


Started GET "/apipie" for 127.0.0.1 at 2018-10-23 22:40:30 -0300
Processing by Apipie::ApipiesController#index as HTML
  Rendered /home/matiasnote/.rvm/gems/ruby-2.3.1/gems/apipie-rails-0.5.13/app/views/apipie/apipies/apipie_404.html.erb within layouts/apipie/apipie (0.4ms)
Completed 404 Not Found in 20ms (Views: 3.8ms | ActiveRecord: 0.0ms)


Started GET "/apipie/stylesheets/bundled/bootstrap.min.css" for 127.0.0.1 at 2018-10-23 22:40:31 -0300


Started GET "/apipie/stylesheets/bundled/prettify.css" for 127.0.0.1 at 2018-10-23 22:40:31 -0300


Started GET "/apipie/stylesheets/bundled/bootstrap-responsive.min.css" for 127.0.0.1 at 2018-10-23 22:40:31 -0300


Started GET "/apipie/stylesheets/application.css" for 127.0.0.1 at 2018-10-23 22:40:31 -0300


Started GET "/apipie/javascripts/bundled/jquery.js" for 127.0.0.1 at 2018-10-23 22:40:31 -0300


Started GET "/apipie/javascripts/bundled/prettify.js" for 127.0.0.1 at 2018-10-23 22:40:31 -0300


Started GET "/apipie/javascripts/bundled/bootstrap-collapse.js" for 127.0.0.1 at 2018-10-23 22:40:31 -0300


Started GET "/apipie/javascripts/apipie.js" for 127.0.0.1 at 2018-10-23 22:40:31 -0300


Started GET "/serviceworker.js" for 127.0.0.1 at 2018-10-23 22:40:32 -0300

ActionController::RoutingError (No route matches [GET] "/serviceworker.js"):
  actionpack (4.2.0) lib/action_dispatch/middleware/debug_exceptions.rb:21:in `call'
  actionpack (4.2.0) lib/action_dispatch/middleware/show_exceptions.rb:30:in `call'
  railties (4.2.0) lib/rails/rack/logger.rb:38:in `call_app'
  railties (4.2.0) lib/rails/rack/logger.rb:20:in `block in call'
  activesupport (4.2.0) lib/active_support/tagged_logging.rb:68:in `block in tagged'
  activesupport (4.2.0) lib/active_support/tagged_logging.rb:26:in `tagged'
  activesupport (4.2.0) lib/active_support/tagged_logging.rb:68:in `tagged'
  railties (4.2.0) lib/rails/rack/logger.rb:20:in `call'
  actionpack (4.2.0) lib/action_dispatch/middleware/request_id.rb:21:in `call'
  rack (1.6.10) lib/rack/methodoverride.rb:22:in `call'
  rack (1.6.10) lib/rack/runtime.rb:18:in `call'
  activesupport (4.2.0) lib/active_support/cache/strategy/local_cache_middleware.rb:28:in `call'
  rack (1.6.10) lib/rack/lock.rb:17:in `call'
  actionpack (4.2.0) lib/action_dispatch/middleware/static.rb:113:in `call'
  rack (1.6.10) lib/rack/sendfile.rb:113:in `call'
  railties (4.2.0) lib/rails/engine.rb:518:in `call'
  railties (4.2.0) lib/rails/application.rb:164:in `call'
  rack (1.6.10) lib/rack/lock.rb:17:in `call'
  rack (1.6.10) lib/rack/content_length.rb:15:in `call'
  rack (1.6.10) lib/rack/handler/webrick.rb:88:in `service'
  /home/matiasnote/.rvm/rubies/ruby-2.3.1/lib/ruby/2.3.0/webrick/httpserver.rb:140:in `service'
  /home/matiasnote/.rvm/rubies/ruby-2.3.1/lib/ruby/2.3.0/webrick/httpserver.rb:96:in `run'
  /home/matiasnote/.rvm/rubies/ruby-2.3.1/lib/ruby/2.3.0/webrick/server.rb:296:in `block in start_thread'


  Rendered /home/matiasnote/.rvm/gems/ruby-2.3.1/gems/actionpack-4.2.0/lib/action_dispatch/middleware/templates/rescues/_trace.html.erb (1.0ms)
  Rendered /home/matiasnote/.rvm/gems/ruby-2.3.1/gems/actionpack-4.2.0/lib/action_dispatch/middleware/templates/routes/_route.html.erb (0.7ms)
  Rendered /home/matiasnote/.rvm/gems/ruby-2.3.1/gems/actionpack-4.2.0/lib/action_dispatch/middleware/templates/routes/_table.html.erb (1.0ms)
  Rendered /home/matiasnote/.rvm/gems/ruby-2.3.1/gems/actionpack-4.2.0/lib/action_dispatch/middleware/templates/rescues/_request_and_response.html.erb (0.9ms)
  Rendered /home/matiasnote/.rvm/gems/ruby-2.3.1/gems/actionpack-4.2.0/lib/action_dispatch/middleware/templates/rescues/routing_error.html.erb within rescues/layout (18.5ms)


Started GET "/apipie" for 127.0.0.1 at 2018-10-23 22:41:10 -0300
Processing by Apipie::ApipiesController#index as HTML
  Rendered /home/matiasnote/.rvm/gems/ruby-2.3.1/gems/apipie-rails-0.5.13/app/views/apipie/apipies/apipie_404.html.erb within layouts/apipie/apipie (0.2ms)
Completed 404 Not Found in 26ms (Views: 3.7ms | ActiveRecord: 0.0ms)


Started GET "/apipie/stylesheets/bundled/bootstrap.min.css" for 127.0.0.1 at 2018-10-23 22:41:10 -0300


Started GET "/apipie/stylesheets/bundled/prettify.css" for 127.0.0.1 at 2018-10-23 22:41:10 -0300


Started GET "/apipie/stylesheets/application.css" for 127.0.0.1 at 2018-10-23 22:41:10 -0300


Started GET "/apipie/javascripts/bundled/bootstrap-collapse.js" for 127.0.0.1 at 2018-10-23 22:41:10 -0300


Started GET "/apipie/javascripts/apipie.js" for 127.0.0.1 at 2018-10-23 22:41:10 -0300


Started GET "/apipie/javascripts/bundled/jquery.js" for 127.0.0.1 at 2018-10-23 22:41:10 -0300


Started GET "/apipie/stylesheets/bundled/bootstrap-responsive.min.css" for 127.0.0.1 at 2018-10-23 22:41:10 -0300


Started GET "/apipie/javascripts/bundled/prettify.js" for 127.0.0.1 at 2018-10-23 22:41:10 -0300


Started GET "/serviceworker.js" for 127.0.0.1 at 2018-10-23 22:41:11 -0300

ActionController::RoutingError (No route matches [GET] "/serviceworker.js"):
  actionpack (4.2.0) lib/action_dispatch/middleware/debug_exceptions.rb:21:in `call'
  actionpack (4.2.0) lib/action_dispatch/middleware/show_exceptions.rb:30:in `call'
  railties (4.2.0) lib/rails/rack/logger.rb:38:in `call_app'
  railties (4.2.0) lib/rails/rack/logger.rb:20:in `block in call'
  activesupport (4.2.0) lib/active_support/tagged_logging.rb:68:in `block in tagged'
  activesupport (4.2.0) lib/active_support/tagged_logging.rb:26:in `tagged'
  activesupport (4.2.0) lib/active_support/tagged_logging.rb:68:in `tagged'
  railties (4.2.0) lib/rails/rack/logger.rb:20:in `call'
  actionpack (4.2.0) lib/action_dispatch/middleware/request_id.rb:21:in `call'
  rack (1.6.10) lib/rack/methodoverride.rb:22:in `call'
  rack (1.6.10) lib/rack/runtime.rb:18:in `call'
  activesupport (4.2.0) lib/active_support/cache/strategy/local_cache_middleware.rb:28:in `call'
  rack (1.6.10) lib/rack/lock.rb:17:in `call'
  actionpack (4.2.0) lib/action_dispatch/middleware/static.rb:113:in `call'
  rack (1.6.10) lib/rack/sendfile.rb:113:in `call'
  railties (4.2.0) lib/rails/engine.rb:518:in `call'
  railties (4.2.0) lib/rails/application.rb:164:in `call'
  rack (1.6.10) lib/rack/lock.rb:17:in `call'
  rack (1.6.10) lib/rack/content_length.rb:15:in `call'
  rack (1.6.10) lib/rack/handler/webrick.rb:88:in `service'
  /home/matiasnote/.rvm/rubies/ruby-2.3.1/lib/ruby/2.3.0/webrick/httpserver.rb:140:in `service'
  /home/matiasnote/.rvm/rubies/ruby-2.3.1/lib/ruby/2.3.0/webrick/httpserver.rb:96:in `run'
  /home/matiasnote/.rvm/rubies/ruby-2.3.1/lib/ruby/2.3.0/webrick/server.rb:296:in `block in start_thread'


  Rendered /home/matiasnote/.rvm/gems/ruby-2.3.1/gems/actionpack-4.2.0/lib/action_dispatch/middleware/templates/rescues/_trace.html.erb (1.0ms)
  Rendered /home/matiasnote/.rvm/gems/ruby-2.3.1/gems/actionpack-4.2.0/lib/action_dispatch/middleware/templates/routes/_route.html.erb (0.7ms)
  Rendered /home/matiasnote/.rvm/gems/ruby-2.3.1/gems/actionpack-4.2.0/lib/action_dispatch/middleware/templates/routes/_table.html.erb (0.8ms)
  Rendered /home/matiasnote/.rvm/gems/ruby-2.3.1/gems/actionpack-4.2.0/lib/action_dispatch/middleware/templates/rescues/_request_and_response.html.erb (1.0ms)
  Rendered /home/matiasnote/.rvm/gems/ruby-2.3.1/gems/actionpack-4.2.0/lib/action_dispatch/middleware/templates/rescues/routing_error.html.erb within rescues/layout (19.1ms)


Started GET "/apipie" for 127.0.0.1 at 2018-10-23 22:45:20 -0300
  [1m[36mActiveRecord::SchemaMigration Load (0.1ms)[0m  [1mSELECT "schema_migrations".* FROM "schema_migrations"[0m
Processing by Apipie::ApipiesController#index as HTML
  Rendered /home/matiasnote/.rvm/gems/ruby-2.3.1/gems/apipie-rails-0.5.13/app/views/apipie/apipies/_languages.erb (0.5ms)
  Rendered /home/matiasnote/.rvm/gems/ruby-2.3.1/gems/apipie-rails-0.5.13/app/views/apipie/apipies/index.html.erb within layouts/apipie/apipie (6.3ms)
Completed 200 OK in 62ms (Views: 14.5ms | ActiveRecord: 0.0ms)
REST_API: skipping Apipie::ApipiesController#index


Started GET "/apipie/stylesheets/bundled/bootstrap.min.css" for 127.0.0.1 at 2018-10-23 22:45:20 -0300


Started GET "/apipie/stylesheets/bundled/prettify.css" for 127.0.0.1 at 2018-10-23 22:45:20 -0300


Started GET "/apipie/stylesheets/bundled/bootstrap-responsive.min.css" for 127.0.0.1 at 2018-10-23 22:45:20 -0300


Started GET "/apipie/stylesheets/application.css" for 127.0.0.1 at 2018-10-23 22:45:20 -0300


Started GET "/apipie/javascripts/bundled/jquery.js" for 127.0.0.1 at 2018-10-23 22:45:20 -0300


Started GET "/apipie/javascripts/bundled/prettify.js" for 127.0.0.1 at 2018-10-23 22:45:20 -0300


Started GET "/apipie/javascripts/bundled/bootstrap-collapse.js" for 127.0.0.1 at 2018-10-23 22:45:20 -0300


Started GET "/apipie/javascripts/apipie.js" for 127.0.0.1 at 2018-10-23 22:45:20 -0300


Started GET "/apipie" for 127.0.0.1 at 2018-10-23 22:45:21 -0300
Processing by Apipie::ApipiesController#index as HTML
  Rendered /home/matiasnote/.rvm/gems/ruby-2.3.1/gems/apipie-rails-0.5.13/app/views/apipie/apipies/_languages.erb (0.1ms)
  Rendered /home/matiasnote/.rvm/gems/ruby-2.3.1/gems/apipie-rails-0.5.13/app/views/apipie/apipies/index.html.erb within layouts/apipie/apipie (1.8ms)
Completed 200 OK in 30ms (Views: 6.1ms | ActiveRecord: 0.0ms)
REST_API: skipping Apipie::ApipiesController#index


Started GET "/apipie/stylesheets/bundled/prettify.css" for 127.0.0.1 at 2018-10-23 22:45:21 -0300


Started GET "/apipie/stylesheets/application.css" for 127.0.0.1 at 2018-10-23 22:45:21 -0300


Started GET "/apipie/stylesheets/bundled/bootstrap-responsive.min.css" for 127.0.0.1 at 2018-10-23 22:45:21 -0300


Started GET "/apipie/javascripts/bundled/bootstrap-collapse.js" for 127.0.0.1 at 2018-10-23 22:45:21 -0300


Started GET "/apipie/stylesheets/bundled/bootstrap.min.css" for 127.0.0.1 at 2018-10-23 22:45:21 -0300


Started GET "/apipie/javascripts/bundled/jquery.js" for 127.0.0.1 at 2018-10-23 22:45:21 -0300


Started GET "/apipie/javascripts/bundled/prettify.js" for 127.0.0.1 at 2018-10-23 22:45:21 -0300


Started GET "/apipie/javascripts/apipie.js" for 127.0.0.1 at 2018-10-23 22:45:21 -0300


Started GET "/serviceworker.js" for 127.0.0.1 at 2018-10-23 22:45:22 -0300

ActionController::RoutingError (No route matches [GET] "/serviceworker.js"):
  actionpack (4.2.0) lib/action_dispatch/middleware/debug_exceptions.rb:21:in `call'
  actionpack (4.2.0) lib/action_dispatch/middleware/show_exceptions.rb:30:in `call'
  railties (4.2.0) lib/rails/rack/logger.rb:38:in `call_app'
  railties (4.2.0) lib/rails/rack/logger.rb:20:in `block in call'
  activesupport (4.2.0) lib/active_support/tagged_logging.rb:68:in `block in tagged'
  activesupport (4.2.0) lib/active_support/tagged_logging.rb:26:in `tagged'
  activesupport (4.2.0) lib/active_support/tagged_logging.rb:68:in `tagged'
  railties (4.2.0) lib/rails/rack/logger.rb:20:in `call'
  actionpack (4.2.0) lib/action_dispatch/middleware/request_id.rb:21:in `call'
  rack (1.6.10) lib/rack/methodoverride.rb:22:in `call'
  rack (1.6.10) lib/rack/runtime.rb:18:in `call'
  activesupport (4.2.0) lib/active_support/cache/strategy/local_cache_middleware.rb:28:in `call'
  rack (1.6.10) lib/rack/lock.rb:17:in `call'
  actionpack (4.2.0) lib/action_dispatch/middleware/static.rb:113:in `call'
  rack (1.6.10) lib/rack/sendfile.rb:113:in `call'
  railties (4.2.0) lib/rails/engine.rb:518:in `call'
  railties (4.2.0) lib/rails/application.rb:164:in `call'
  rack (1.6.10) lib/rack/lock.rb:17:in `call'
  rack (1.6.10) lib/rack/content_length.rb:15:in `call'
  rack (1.6.10) lib/rack/handler/webrick.rb:88:in `service'
  /home/matiasnote/.rvm/rubies/ruby-2.3.1/lib/ruby/2.3.0/webrick/httpserver.rb:140:in `service'
  /home/matiasnote/.rvm/rubies/ruby-2.3.1/lib/ruby/2.3.0/webrick/httpserver.rb:96:in `run'
  /home/matiasnote/.rvm/rubies/ruby-2.3.1/lib/ruby/2.3.0/webrick/server.rb:296:in `block in start_thread'


  Rendered /home/matiasnote/.rvm/gems/ruby-2.3.1/gems/actionpack-4.2.0/lib/action_dispatch/middleware/templates/rescues/_trace.html.erb (1.1ms)
  Rendered /home/matiasnote/.rvm/gems/ruby-2.3.1/gems/actionpack-4.2.0/lib/action_dispatch/middleware/templates/routes/_route.html.erb (0.9ms)
  Rendered /home/matiasnote/.rvm/gems/ruby-2.3.1/gems/actionpack-4.2.0/lib/action_dispatch/middleware/templates/routes/_table.html.erb (7.4ms)
  Rendered /home/matiasnote/.rvm/gems/ruby-2.3.1/gems/actionpack-4.2.0/lib/action_dispatch/middleware/templates/rescues/_request_and_response.html.erb (0.9ms)
  Rendered /home/matiasnote/.rvm/gems/ruby-2.3.1/gems/actionpack-4.2.0/lib/action_dispatch/middleware/templates/rescues/routing_error.html.erb within rescues/layout (27.1ms)


Started GET "/apipie/1.0/people/new.en.html" for 127.0.0.1 at 2018-10-23 22:45:23 -0300
Processing by Apipie::ApipiesController#index as HTML
  Parameters: {"version"=>"1.0", "resource"=>"people", "method"=>"new.en.html"}
  Rendered /home/matiasnote/.rvm/gems/ruby-2.3.1/gems/apipie-rails-0.5.13/app/views/apipie/apipies/apipie_404.html.erb within layouts/apipie/apipie (0.9ms)
Completed 404 Not Found in 45ms (Views: 23.6ms | ActiveRecord: 0.0ms)
REST_API: skipping Apipie::ApipiesController#index


Started GET "/apipie/stylesheets/bundled/bootstrap.min.css" for 127.0.0.1 at 2018-10-23 22:45:23 -0300


Started GET "/apipie/stylesheets/bundled/prettify.css" for 127.0.0.1 at 2018-10-23 22:45:23 -0300


Started GET "/apipie/stylesheets/bundled/bootstrap-responsive.min.css" for 127.0.0.1 at 2018-10-23 22:45:23 -0300


Started GET "/apipie/stylesheets/application.css" for 127.0.0.1 at 2018-10-23 22:45:23 -0300


Started GET "/apipie/javascripts/bundled/jquery.js" for 127.0.0.1 at 2018-10-23 22:45:23 -0300


Started GET "/apipie/javascripts/apipie.js" for 127.0.0.1 at 2018-10-23 22:45:23 -0300


Started GET "/apipie/javascripts/bundled/bootstrap-collapse.js" for 127.0.0.1 at 2018-10-23 22:45:23 -0300


Started GET "/apipie/javascripts/bundled/prettify.js" for 127.0.0.1 at 2018-10-23 22:45:23 -0300


Started GET "/serviceworker.js" for 127.0.0.1 at 2018-10-23 22:45:24 -0300

ActionController::RoutingError (No route matches [GET] "/serviceworker.js"):
  actionpack (4.2.0) lib/action_dispatch/middleware/debug_exceptions.rb:21:in `call'
  actionpack (4.2.0) lib/action_dispatch/middleware/show_exceptions.rb:30:in `call'
  railties (4.2.0) lib/rails/rack/logger.rb:38:in `call_app'
  railties (4.2.0) lib/rails/rack/logger.rb:20:in `block in call'
  activesupport (4.2.0) lib/active_support/tagged_logging.rb:68:in `block in tagged'
  activesupport (4.2.0) lib/active_support/tagged_logging.rb:26:in `tagged'
  activesupport (4.2.0) lib/active_support/tagged_logging.rb:68:in `tagged'
  railties (4.2.0) lib/rails/rack/logger.rb:20:in `call'
  actionpack (4.2.0) lib/action_dispatch/middleware/request_id.rb:21:in `call'
  rack (1.6.10) lib/rack/methodoverride.rb:22:in `call'
  rack (1.6.10) lib/rack/runtime.rb:18:in `call'
  activesupport (4.2.0) lib/active_support/cache/strategy/local_cache_middleware.rb:28:in `call'
  rack (1.6.10) lib/rack/lock.rb:17:in `call'
  actionpack (4.2.0) lib/action_dispatch/middleware/static.rb:113:in `call'
  rack (1.6.10) lib/rack/sendfile.rb:113:in `call'
  railties (4.2.0) lib/rails/engine.rb:518:in `call'
  railties (4.2.0) lib/rails/application.rb:164:in `call'
  rack (1.6.10) lib/rack/lock.rb:17:in `call'
  rack (1.6.10) lib/rack/content_length.rb:15:in `call'
  rack (1.6.10) lib/rack/handler/webrick.rb:88:in `service'
  /home/matiasnote/.rvm/rubies/ruby-2.3.1/lib/ruby/2.3.0/webrick/httpserver.rb:140:in `service'
  /home/matiasnote/.rvm/rubies/ruby-2.3.1/lib/ruby/2.3.0/webrick/httpserver.rb:96:in `run'
  /home/matiasnote/.rvm/rubies/ruby-2.3.1/lib/ruby/2.3.0/webrick/server.rb:296:in `block in start_thread'


  Rendered /home/matiasnote/.rvm/gems/ruby-2.3.1/gems/actionpack-4.2.0/lib/action_dispatch/middleware/templates/rescues/_trace.html.erb (1.1ms)
  Rendered /home/matiasnote/.rvm/gems/ruby-2.3.1/gems/actionpack-4.2.0/lib/action_dispatch/middleware/templates/routes/_route.html.erb (1.0ms)
  Rendered /home/matiasnote/.rvm/gems/ruby-2.3.1/gems/actionpack-4.2.0/lib/action_dispatch/middleware/templates/routes/_table.html.erb (1.4ms)
  Rendered /home/matiasnote/.rvm/gems/ruby-2.3.1/gems/actionpack-4.2.0/lib/action_dispatch/middleware/templates/rescues/_request_and_response.html.erb (1.1ms)
  Rendered /home/matiasnote/.rvm/gems/ruby-2.3.1/gems/actionpack-4.2.0/lib/action_dispatch/middleware/templates/rescues/routing_error.html.erb within rescues/layout (21.3ms)


Started GET "/apipie/1.0/people/new.html" for 127.0.0.1 at 2018-10-23 22:45:26 -0300
Processing by Apipie::ApipiesController#index as HTML
  Parameters: {"version"=>"1.0", "resource"=>"people", "method"=>"new.html"}
  Rendered /home/matiasnote/.rvm/gems/ruby-2.3.1/gems/apipie-rails-0.5.13/app/views/apipie/apipies/_languages.erb (0.0ms)
  Rendered /home/matiasnote/.rvm/gems/ruby-2.3.1/gems/apipie-rails-0.5.13/app/views/apipie/apipies/_headers.html.erb (0.9ms)
  Rendered /home/matiasnote/.rvm/gems/ruby-2.3.1/gems/apipie-rails-0.5.13/app/views/apipie/apipies/_method_detail.erb (10.2ms)
  Rendered /home/matiasnote/.rvm/gems/ruby-2.3.1/gems/apipie-rails-0.5.13/app/views/apipie/apipies/method.html.erb within layouts/apipie/apipie (89.4ms)
Completed 200 OK in 189ms (Views: 170.5ms | ActiveRecord: 0.0ms)
REST_API: skipping Apipie::ApipiesController#index


Started GET "/apipie/stylesheets/bundled/bootstrap-responsive.min.css" for 127.0.0.1 at 2018-10-23 22:45:27 -0300


Started GET "/apipie/stylesheets/bundled/prettify.css" for 127.0.0.1 at 2018-10-23 22:45:27 -0300


Started GET "/apipie/stylesheets/bundled/bootstrap.min.css" for 127.0.0.1 at 2018-10-23 22:45:27 -0300


Started GET "/apipie/stylesheets/application.css" for 127.0.0.1 at 2018-10-23 22:45:27 -0300


Started GET "/apipie/javascripts/bundled/jquery.js" for 127.0.0.1 at 2018-10-23 22:45:27 -0300


Started GET "/apipie/javascripts/bundled/bootstrap-collapse.js" for 127.0.0.1 at 2018-10-23 22:45:27 -0300


Started GET "/apipie/javascripts/bundled/prettify.js" for 127.0.0.1 at 2018-10-23 22:45:27 -0300


Started GET "/apipie/javascripts/apipie.js" for 127.0.0.1 at 2018-10-23 22:45:27 -0300


Started GET "/serviceworker.js" for 127.0.0.1 at 2018-10-23 22:45:28 -0300

ActionController::RoutingError (No route matches [GET] "/serviceworker.js"):
  actionpack (4.2.0) lib/action_dispatch/middleware/debug_exceptions.rb:21:in `call'
  actionpack (4.2.0) lib/action_dispatch/middleware/show_exceptions.rb:30:in `call'
  railties (4.2.0) lib/rails/rack/logger.rb:38:in `call_app'
  railties (4.2.0) lib/rails/rack/logger.rb:20:in `block in call'
  activesupport (4.2.0) lib/active_support/tagged_logging.rb:68:in `block in tagged'
  activesupport (4.2.0) lib/active_support/tagged_logging.rb:26:in `tagged'
  activesupport (4.2.0) lib/active_support/tagged_logging.rb:68:in `tagged'
  railties (4.2.0) lib/rails/rack/logger.rb:20:in `call'
  actionpack (4.2.0) lib/action_dispatch/middleware/request_id.rb:21:in `call'
  rack (1.6.10) lib/rack/methodoverride.rb:22:in `call'
  rack (1.6.10) lib/rack/runtime.rb:18:in `call'
  activesupport (4.2.0) lib/active_support/cache/strategy/local_cache_middleware.rb:28:in `call'
  rack (1.6.10) lib/rack/lock.rb:17:in `call'
  actionpack (4.2.0) lib/action_dispatch/middleware/static.rb:113:in `call'
  rack (1.6.10) lib/rack/sendfile.rb:113:in `call'
  railties (4.2.0) lib/rails/engine.rb:518:in `call'
  railties (4.2.0) lib/rails/application.rb:164:in `call'
  rack (1.6.10) lib/rack/lock.rb:17:in `call'
  rack (1.6.10) lib/rack/content_length.rb:15:in `call'
  rack (1.6.10) lib/rack/handler/webrick.rb:88:in `service'
  /home/matiasnote/.rvm/rubies/ruby-2.3.1/lib/ruby/2.3.0/webrick/httpserver.rb:140:in `service'
  /home/matiasnote/.rvm/rubies/ruby-2.3.1/lib/ruby/2.3.0/webrick/httpserver.rb:96:in `run'
  /home/matiasnote/.rvm/rubies/ruby-2.3.1/lib/ruby/2.3.0/webrick/server.rb:296:in `block in start_thread'


  Rendered /home/matiasnote/.rvm/gems/ruby-2.3.1/gems/actionpack-4.2.0/lib/action_dispatch/middleware/templates/rescues/_trace.html.erb (1.6ms)
  Rendered /home/matiasnote/.rvm/gems/ruby-2.3.1/gems/actionpack-4.2.0/lib/action_dispatch/middleware/templates/routes/_route.html.erb (1.0ms)
  Rendered /home/matiasnote/.rvm/gems/ruby-2.3.1/gems/actionpack-4.2.0/lib/action_dispatch/middleware/templates/routes/_table.html.erb (1.4ms)
  Rendered /home/matiasnote/.rvm/gems/ruby-2.3.1/gems/actionpack-4.2.0/lib/action_dispatch/middleware/templates/rescues/_request_and_response.html.erb (1.0ms)
  Rendered /home/matiasnote/.rvm/gems/ruby-2.3.1/gems/actionpack-4.2.0/lib/action_dispatch/middleware/templates/rescues/routing_error.html.erb within rescues/layout (23.0ms)


Started GET "/apipie/1.0/people/new.html" for 127.0.0.1 at 2018-10-23 22:45:49 -0300
  [1m[36mActiveRecord::SchemaMigration Load (0.2ms)[0m  [1mSELECT "schema_migrations".* FROM "schema_migrations"[0m
Processing by Apipie::ApipiesController#index as HTML
  Parameters: {"version"=>"1.0", "resource"=>"people", "method"=>"new.html"}
  Rendered /home/matiasnote/.rvm/gems/ruby-2.3.1/gems/apipie-rails-0.5.13/app/views/apipie/apipies/_languages.erb (0.5ms)
  Rendered /home/matiasnote/.rvm/gems/ruby-2.3.1/gems/apipie-rails-0.5.13/app/views/apipie/apipies/_headers.html.erb (0.7ms)
  Rendered /home/matiasnote/.rvm/gems/ruby-2.3.1/gems/apipie-rails-0.5.13/app/views/apipie/apipies/_method_detail.erb (3.6ms)
  Rendered /home/matiasnote/.rvm/gems/ruby-2.3.1/gems/apipie-rails-0.5.13/app/views/apipie/apipies/method.html.erb within layouts/apipie/apipie (11.5ms)
Completed 200 OK in 66ms (Views: 19.9ms | ActiveRecord: 0.0ms)
REST_API: skipping Apipie::ApipiesController#index


Started GET "/apipie/stylesheets/bundled/bootstrap.min.css" for 127.0.0.1 at 2018-10-23 22:45:50 -0300


Started GET "/apipie/stylesheets/bundled/prettify.css" for 127.0.0.1 at 2018-10-23 22:45:50 -0300


Started GET "/apipie/stylesheets/bundled/bootstrap-responsive.min.css" for 127.0.0.1 at 2018-10-23 22:45:50 -0300


Started GET "/apipie/javascripts/bundled/jquery.js" for 127.0.0.1 at 2018-10-23 22:45:50 -0300


Started GET "/apipie/javascripts/bundled/bootstrap-collapse.js" for 127.0.0.1 at 2018-10-23 22:45:50 -0300


Started GET "/apipie/javascripts/bundled/prettify.js" for 127.0.0.1 at 2018-10-23 22:45:50 -0300


Started GET "/apipie/stylesheets/application.css" for 127.0.0.1 at 2018-10-23 22:45:50 -0300


Started GET "/apipie/javascripts/apipie.js" for 127.0.0.1 at 2018-10-23 22:45:50 -0300


Started GET "/serviceworker.js" for 127.0.0.1 at 2018-10-23 22:45:51 -0300

ActionController::RoutingError (No route matches [GET] "/serviceworker.js"):
  actionpack (4.2.0) lib/action_dispatch/middleware/debug_exceptions.rb:21:in `call'
  actionpack (4.2.0) lib/action_dispatch/middleware/show_exceptions.rb:30:in `call'
  railties (4.2.0) lib/rails/rack/logger.rb:38:in `call_app'
  railties (4.2.0) lib/rails/rack/logger.rb:20:in `block in call'
  activesupport (4.2.0) lib/active_support/tagged_logging.rb:68:in `block in tagged'
  activesupport (4.2.0) lib/active_support/tagged_logging.rb:26:in `tagged'
  activesupport (4.2.0) lib/active_support/tagged_logging.rb:68:in `tagged'
  railties (4.2.0) lib/rails/rack/logger.rb:20:in `call'
  actionpack (4.2.0) lib/action_dispatch/middleware/request_id.rb:21:in `call'
  rack (1.6.10) lib/rack/methodoverride.rb:22:in `call'
  rack (1.6.10) lib/rack/runtime.rb:18:in `call'
  activesupport (4.2.0) lib/active_support/cache/strategy/local_cache_middleware.rb:28:in `call'
  rack (1.6.10) lib/rack/lock.rb:17:in `call'
  actionpack (4.2.0) lib/action_dispatch/middleware/static.rb:113:in `call'
  rack (1.6.10) lib/rack/sendfile.rb:113:in `call'
  railties (4.2.0) lib/rails/engine.rb:518:in `call'
  railties (4.2.0) lib/rails/application.rb:164:in `call'
  rack (1.6.10) lib/rack/lock.rb:17:in `call'
  rack (1.6.10) lib/rack/content_length.rb:15:in `call'
  rack (1.6.10) lib/rack/handler/webrick.rb:88:in `service'
  /home/matiasnote/.rvm/rubies/ruby-2.3.1/lib/ruby/2.3.0/webrick/httpserver.rb:140:in `service'
  /home/matiasnote/.rvm/rubies/ruby-2.3.1/lib/ruby/2.3.0/webrick/httpserver.rb:96:in `run'
  /home/matiasnote/.rvm/rubies/ruby-2.3.1/lib/ruby/2.3.0/webrick/server.rb:296:in `block in start_thread'


  Rendered /home/matiasnote/.rvm/gems/ruby-2.3.1/gems/actionpack-4.2.0/lib/action_dispatch/middleware/templates/rescues/_trace.html.erb (1.7ms)
  Rendered /home/matiasnote/.rvm/gems/ruby-2.3.1/gems/actionpack-4.2.0/lib/action_dispatch/middleware/templates/routes/_route.html.erb (1.9ms)
  Rendered /home/matiasnote/.rvm/gems/ruby-2.3.1/gems/actionpack-4.2.0/lib/action_dispatch/middleware/templates/routes/_table.html.erb (12.9ms)
  Rendered /home/matiasnote/.rvm/gems/ruby-2.3.1/gems/actionpack-4.2.0/lib/action_dispatch/middleware/templates/rescues/_request_and_response.html.erb (0.9ms)
  Rendered /home/matiasnote/.rvm/gems/ruby-2.3.1/gems/actionpack-4.2.0/lib/action_dispatch/middleware/templates/rescues/routing_error.html.erb within rescues/layout (35.3ms)


Started GET "/apipie/1.0/people/index.html" for 127.0.0.1 at 2018-10-23 22:47:39 -0300
  [1m[36mActiveRecord::SchemaMigration Load (0.1ms)[0m  [1mSELECT "schema_migrations".* FROM "schema_migrations"[0m
Processing by Apipie::ApipiesController#index as HTML
  Parameters: {"version"=>"1.0", "resource"=>"people", "method"=>"index.html"}
  Rendered /home/matiasnote/.rvm/gems/ruby-2.3.1/gems/apipie-rails-0.5.13/app/views/apipie/apipies/_languages.erb (1.0ms)
  Rendered /home/matiasnote/.rvm/gems/ruby-2.3.1/gems/apipie-rails-0.5.13/app/views/apipie/apipies/_headers.html.erb (2.9ms)
  Rendered /home/matiasnote/.rvm/gems/ruby-2.3.1/gems/apipie-rails-0.5.13/app/views/apipie/apipies/_method_detail.erb (9.7ms)
  Rendered /home/matiasnote/.rvm/gems/ruby-2.3.1/gems/apipie-rails-0.5.13/app/views/apipie/apipies/method.html.erb within layouts/apipie/apipie (41.1ms)
Completed 200 OK in 119ms (Views: 71.4ms | ActiveRecord: 0.0ms)
REST_API: skipping Apipie::ApipiesController#index


Started GET "/apipie/stylesheets/bundled/bootstrap.min.css" for 127.0.0.1 at 2018-10-23 22:47:40 -0300


Started GET "/apipie/stylesheets/bundled/prettify.css" for 127.0.0.1 at 2018-10-23 22:47:40 -0300


Started GET "/apipie/stylesheets/bundled/bootstrap-responsive.min.css" for 127.0.0.1 at 2018-10-23 22:47:40 -0300


Started GET "/apipie/stylesheets/application.css" for 127.0.0.1 at 2018-10-23 22:47:40 -0300


Started GET "/apipie/javascripts/bundled/bootstrap-collapse.js" for 127.0.0.1 at 2018-10-23 22:47:40 -0300


Started GET "/apipie/javascripts/bundled/jquery.js" for 127.0.0.1 at 2018-10-23 22:47:40 -0300


Started GET "/apipie/javascripts/bundled/prettify.js" for 127.0.0.1 at 2018-10-23 22:47:40 -0300


Started GET "/apipie/javascripts/apipie.js" for 127.0.0.1 at 2018-10-23 22:47:40 -0300


Started GET "/serviceworker.js" for 127.0.0.1 at 2018-10-23 22:47:41 -0300

ActionController::RoutingError (No route matches [GET] "/serviceworker.js"):
  actionpack (4.2.0) lib/action_dispatch/middleware/debug_exceptions.rb:21:in `call'
  actionpack (4.2.0) lib/action_dispatch/middleware/show_exceptions.rb:30:in `call'
  railties (4.2.0) lib/rails/rack/logger.rb:38:in `call_app'
  railties (4.2.0) lib/rails/rack/logger.rb:20:in `block in call'
  activesupport (4.2.0) lib/active_support/tagged_logging.rb:68:in `block in tagged'
  activesupport (4.2.0) lib/active_support/tagged_logging.rb:26:in `tagged'
  activesupport (4.2.0) lib/active_support/tagged_logging.rb:68:in `tagged'
  railties (4.2.0) lib/rails/rack/logger.rb:20:in `call'
  actionpack (4.2.0) lib/action_dispatch/middleware/request_id.rb:21:in `call'
  rack (1.6.10) lib/rack/methodoverride.rb:22:in `call'
  rack (1.6.10) lib/rack/runtime.rb:18:in `call'
  activesupport (4.2.0) lib/active_support/cache/strategy/local_cache_middleware.rb:28:in `call'
  rack (1.6.10) lib/rack/lock.rb:17:in `call'
  actionpack (4.2.0) lib/action_dispatch/middleware/static.rb:113:in `call'
  rack (1.6.10) lib/rack/sendfile.rb:113:in `call'
  railties (4.2.0) lib/rails/engine.rb:518:in `call'
  railties (4.2.0) lib/rails/application.rb:164:in `call'
  rack (1.6.10) lib/rack/lock.rb:17:in `call'
  rack (1.6.10) lib/rack/content_length.rb:15:in `call'
  rack (1.6.10) lib/rack/handler/webrick.rb:88:in `service'
  /home/matiasnote/.rvm/rubies/ruby-2.3.1/lib/ruby/2.3.0/webrick/httpserver.rb:140:in `service'
  /home/matiasnote/.rvm/rubies/ruby-2.3.1/lib/ruby/2.3.0/webrick/httpserver.rb:96:in `run'
  /home/matiasnote/.rvm/rubies/ruby-2.3.1/lib/ruby/2.3.0/webrick/server.rb:296:in `block in start_thread'


  Rendered /home/matiasnote/.rvm/gems/ruby-2.3.1/gems/actionpack-4.2.0/lib/action_dispatch/middleware/templates/rescues/_trace.html.erb (2.0ms)
  Rendered /home/matiasnote/.rvm/gems/ruby-2.3.1/gems/actionpack-4.2.0/lib/action_dispatch/middleware/templates/routes/_route.html.erb (1.1ms)
  Rendered /home/matiasnote/.rvm/gems/ruby-2.3.1/gems/actionpack-4.2.0/lib/action_dispatch/middleware/templates/routes/_table.html.erb (17.1ms)
  Rendered /home/matiasnote/.rvm/gems/ruby-2.3.1/gems/actionpack-4.2.0/lib/action_dispatch/middleware/templates/rescues/_request_and_response.html.erb (0.9ms)
  Rendered /home/matiasnote/.rvm/gems/ruby-2.3.1/gems/actionpack-4.2.0/lib/action_dispatch/middleware/templates/rescues/routing_error.html.erb within rescues/layout (42.9ms)


Started GET "/apipie/1.0/people/index.html" for 127.0.0.1 at 2018-10-23 22:47:43 -0300
Processing by Apipie::ApipiesController#index as HTML
  Parameters: {"version"=>"1.0", "resource"=>"people", "method"=>"index.html"}
  Rendered /home/matiasnote/.rvm/gems/ruby-2.3.1/gems/apipie-rails-0.5.13/app/views/apipie/apipies/_languages.erb (0.0ms)
  Rendered /home/matiasnote/.rvm/gems/ruby-2.3.1/gems/apipie-rails-0.5.13/app/views/apipie/apipies/_headers.html.erb (0.0ms)
  Rendered /home/matiasnote/.rvm/gems/ruby-2.3.1/gems/apipie-rails-0.5.13/app/views/apipie/apipies/_method_detail.erb (0.9ms)
  Rendered /home/matiasnote/.rvm/gems/ruby-2.3.1/gems/apipie-rails-0.5.13/app/views/apipie/apipies/method.html.erb within layouts/apipie/apipie (3.0ms)
Completed 200 OK in 37ms (Views: 8.3ms | ActiveRecord: 0.0ms)
REST_API: skipping Apipie::ApipiesController#index


Started GET "/apipie/stylesheets/bundled/bootstrap.min.css" for 127.0.0.1 at 2018-10-23 22:47:43 -0300


Started GET "/apipie/stylesheets/bundled/prettify.css" for 127.0.0.1 at 2018-10-23 22:47:43 -0300


Started GET "/apipie/stylesheets/bundled/bootstrap-responsive.min.css" for 127.0.0.1 at 2018-10-23 22:47:43 -0300


Started GET "/apipie/stylesheets/application.css" for 127.0.0.1 at 2018-10-23 22:47:43 -0300


Started GET "/apipie/javascripts/bundled/jquery.js" for 127.0.0.1 at 2018-10-23 22:47:43 -0300


Started GET "/apipie/javascripts/bundled/bootstrap-collapse.js" for 127.0.0.1 at 2018-10-23 22:47:43 -0300


Started GET "/apipie/javascripts/apipie.js" for 127.0.0.1 at 2018-10-23 22:47:43 -0300


Started GET "/apipie/javascripts/bundled/prettify.js" for 127.0.0.1 at 2018-10-23 22:47:43 -0300


Started GET "/apipie/1.0/people.html" for 127.0.0.1 at 2018-10-23 22:47:44 -0300
Processing by Apipie::ApipiesController#index as HTML
  Parameters: {"version"=>"1.0", "resource"=>"people.html"}
  Rendered /home/matiasnote/.rvm/gems/ruby-2.3.1/gems/apipie-rails-0.5.13/app/views/apipie/apipies/_languages.erb (0.0ms)
  Rendered /home/matiasnote/.rvm/gems/ruby-2.3.1/gems/apipie-rails-0.5.13/app/views/apipie/apipies/_headers.html.erb (0.0ms)
  Rendered /home/matiasnote/.rvm/gems/ruby-2.3.1/gems/apipie-rails-0.5.13/app/views/apipie/apipies/_headers.html.erb (0.0ms)
  Rendered /home/matiasnote/.rvm/gems/ruby-2.3.1/gems/apipie-rails-0.5.13/app/views/apipie/apipies/_method_detail.erb (0.6ms)
  Rendered /home/matiasnote/.rvm/gems/ruby-2.3.1/gems/apipie-rails-0.5.13/app/views/apipie/apipies/_headers.html.erb (0.0ms)
  Rendered /home/matiasnote/.rvm/gems/ruby-2.3.1/gems/apipie-rails-0.5.13/app/views/apipie/apipies/_method_detail.erb (0.7ms)
  Rendered /home/matiasnote/.rvm/gems/ruby-2.3.1/gems/apipie-rails-0.5.13/app/views/apipie/apipies/resource.html.erb within layouts/apipie/apipie (5.7ms)
Completed 200 OK in 33ms (Views: 9.4ms | ActiveRecord: 0.0ms)
REST_API: skipping Apipie::ApipiesController#index


Started GET "/apipie/stylesheets/bundled/bootstrap.min.css" for 127.0.0.1 at 2018-10-23 22:47:44 -0300


Started GET "/apipie/stylesheets/bundled/bootstrap-responsive.min.css" for 127.0.0.1 at 2018-10-23 22:47:44 -0300


Started GET "/apipie/stylesheets/bundled/prettify.css" for 127.0.0.1 at 2018-10-23 22:47:44 -0300


Started GET "/apipie/stylesheets/application.css" for 127.0.0.1 at 2018-10-23 22:47:44 -0300


Started GET "/apipie/javascripts/bundled/jquery.js" for 127.0.0.1 at 2018-10-23 22:47:44 -0300


Started GET "/apipie/javascripts/bundled/prettify.js" for 127.0.0.1 at 2018-10-23 22:47:44 -0300


Started GET "/apipie/javascripts/bundled/bootstrap-collapse.js" for 127.0.0.1 at 2018-10-23 22:47:44 -0300


Started GET "/apipie/javascripts/apipie.js" for 127.0.0.1 at 2018-10-23 22:47:44 -0300


Started GET "/serviceworker.js" for 127.0.0.1 at 2018-10-23 22:47:45 -0300

ActionController::RoutingError (No route matches [GET] "/serviceworker.js"):
  actionpack (4.2.0) lib/action_dispatch/middleware/debug_exceptions.rb:21:in `call'
  actionpack (4.2.0) lib/action_dispatch/middleware/show_exceptions.rb:30:in `call'
  railties (4.2.0) lib/rails/rack/logger.rb:38:in `call_app'
  railties (4.2.0) lib/rails/rack/logger.rb:20:in `block in call'
  activesupport (4.2.0) lib/active_support/tagged_logging.rb:68:in `block in tagged'
  activesupport (4.2.0) lib/active_support/tagged_logging.rb:26:in `tagged'
  activesupport (4.2.0) lib/active_support/tagged_logging.rb:68:in `tagged'
  railties (4.2.0) lib/rails/rack/logger.rb:20:in `call'
  actionpack (4.2.0) lib/action_dispatch/middleware/request_id.rb:21:in `call'
  rack (1.6.10) lib/rack/methodoverride.rb:22:in `call'
  rack (1.6.10) lib/rack/runtime.rb:18:in `call'
  activesupport (4.2.0) lib/active_support/cache/strategy/local_cache_middleware.rb:28:in `call'
  rack (1.6.10) lib/rack/lock.rb:17:in `call'
  actionpack (4.2.0) lib/action_dispatch/middleware/static.rb:113:in `call'
  rack (1.6.10) lib/rack/sendfile.rb:113:in `call'
  railties (4.2.0) lib/rails/engine.rb:518:in `call'
  railties (4.2.0) lib/rails/application.rb:164:in `call'
  rack (1.6.10) lib/rack/lock.rb:17:in `call'
  rack (1.6.10) lib/rack/content_length.rb:15:in `call'
  rack (1.6.10) lib/rack/handler/webrick.rb:88:in `service'
  /home/matiasnote/.rvm/rubies/ruby-2.3.1/lib/ruby/2.3.0/webrick/httpserver.rb:140:in `service'
  /home/matiasnote/.rvm/rubies/ruby-2.3.1/lib/ruby/2.3.0/webrick/httpserver.rb:96:in `run'
  /home/matiasnote/.rvm/rubies/ruby-2.3.1/lib/ruby/2.3.0/webrick/server.rb:296:in `block in start_thread'


  Rendered /home/matiasnote/.rvm/gems/ruby-2.3.1/gems/actionpack-4.2.0/lib/action_dispatch/middleware/templates/rescues/_trace.html.erb (1.1ms)
  Rendered /home/matiasnote/.rvm/gems/ruby-2.3.1/gems/actionpack-4.2.0/lib/action_dispatch/middleware/templates/routes/_route.html.erb (0.8ms)
  Rendered /home/matiasnote/.rvm/gems/ruby-2.3.1/gems/actionpack-4.2.0/lib/action_dispatch/middleware/templates/routes/_table.html.erb (0.9ms)
  Rendered /home/matiasnote/.rvm/gems/ruby-2.3.1/gems/actionpack-4.2.0/lib/action_dispatch/middleware/templates/rescues/_request_and_response.html.erb (0.8ms)
  Rendered /home/matiasnote/.rvm/gems/ruby-2.3.1/gems/actionpack-4.2.0/lib/action_dispatch/middleware/templates/rescues/routing_error.html.erb within rescues/layout (18.5ms)


Started GET "/apipie" for 127.0.0.1 at 2018-10-23 23:13:18 -0300
  [1m[36mActiveRecord::SchemaMigration Load (0.1ms)[0m  [1mSELECT "schema_migrations".* FROM "schema_migrations"[0m
Processing by Apipie::ApipiesController#index as HTML
  Rendered /home/matiasnote/.rvm/gems/ruby-2.3.1/gems/apipie-rails-0.5.13/app/views/apipie/apipies/_languages.erb (0.4ms)
  Rendered /home/matiasnote/.rvm/gems/ruby-2.3.1/gems/apipie-rails-0.5.13/app/views/apipie/apipies/index.html.erb within layouts/apipie/apipie (18.1ms)
Completed 200 OK in 59ms (Views: 26.5ms | ActiveRecord: 0.0ms)


Started GET "/apipie/stylesheets/bundled/bootstrap.min.css" for 127.0.0.1 at 2018-10-23 23:13:18 -0300


Started GET "/apipie/stylesheets/bundled/prettify.css" for 127.0.0.1 at 2018-10-23 23:13:18 -0300


Started GET "/apipie/stylesheets/bundled/bootstrap-responsive.min.css" for 127.0.0.1 at 2018-10-23 23:13:18 -0300


Started GET "/apipie/stylesheets/application.css" for 127.0.0.1 at 2018-10-23 23:13:18 -0300


Started GET "/apipie/javascripts/bundled/jquery.js" for 127.0.0.1 at 2018-10-23 23:13:18 -0300


Started GET "/apipie/javascripts/bundled/bootstrap-collapse.js" for 127.0.0.1 at 2018-10-23 23:13:18 -0300


Started GET "/apipie/javascripts/bundled/prettify.js" for 127.0.0.1 at 2018-10-23 23:13:18 -0300


Started GET "/apipie/javascripts/apipie.js" for 127.0.0.1 at 2018-10-23 23:13:18 -0300


Started GET "/apipie" for 127.0.0.1 at 2018-10-23 23:13:19 -0300
Processing by Apipie::ApipiesController#index as HTML
  Rendered /home/matiasnote/.rvm/gems/ruby-2.3.1/gems/apipie-rails-0.5.13/app/views/apipie/apipies/_languages.erb (0.0ms)
  Rendered /home/matiasnote/.rvm/gems/ruby-2.3.1/gems/apipie-rails-0.5.13/app/views/apipie/apipies/index.html.erb within layouts/apipie/apipie (1.1ms)
Completed 200 OK in 26ms (Views: 4.5ms | ActiveRecord: 0.0ms)


Started GET "/apipie/stylesheets/application.css" for 127.0.0.1 at 2018-10-23 23:13:19 -0300


Started GET "/apipie/javascripts/bundled/jquery.js" for 127.0.0.1 at 2018-10-23 23:13:19 -0300


Started GET "/apipie/stylesheets/bundled/prettify.css" for 127.0.0.1 at 2018-10-23 23:13:19 -0300


Started GET "/apipie/javascripts/bundled/bootstrap-collapse.js" for 127.0.0.1 at 2018-10-23 23:13:19 -0300


Started GET "/apipie/javascripts/bundled/prettify.js" for 127.0.0.1 at 2018-10-23 23:13:19 -0300


Started GET "/apipie/javascripts/apipie.js" for 127.0.0.1 at 2018-10-23 23:13:19 -0300


Started GET "/apipie/stylesheets/bundled/bootstrap-responsive.min.css" for 127.0.0.1 at 2018-10-23 23:13:19 -0300


Started GET "/apipie/stylesheets/bundled/bootstrap.min.css" for 127.0.0.1 at 2018-10-23 23:13:19 -0300


Started GET "/serviceworker.js" for 127.0.0.1 at 2018-10-23 23:13:20 -0300

ActionController::RoutingError (No route matches [GET] "/serviceworker.js"):
  actionpack (4.2.0) lib/action_dispatch/middleware/debug_exceptions.rb:21:in `call'
  actionpack (4.2.0) lib/action_dispatch/middleware/show_exceptions.rb:30:in `call'
  railties (4.2.0) lib/rails/rack/logger.rb:38:in `call_app'
  railties (4.2.0) lib/rails/rack/logger.rb:20:in `block in call'
  activesupport (4.2.0) lib/active_support/tagged_logging.rb:68:in `block in tagged'
  activesupport (4.2.0) lib/active_support/tagged_logging.rb:26:in `tagged'
  activesupport (4.2.0) lib/active_support/tagged_logging.rb:68:in `tagged'
  railties (4.2.0) lib/rails/rack/logger.rb:20:in `call'
  actionpack (4.2.0) lib/action_dispatch/middleware/request_id.rb:21:in `call'
  rack (1.6.10) lib/rack/methodoverride.rb:22:in `call'
  rack (1.6.10) lib/rack/runtime.rb:18:in `call'
  activesupport (4.2.0) lib/active_support/cache/strategy/local_cache_middleware.rb:28:in `call'
  rack (1.6.10) lib/rack/lock.rb:17:in `call'
  actionpack (4.2.0) lib/action_dispatch/middleware/static.rb:113:in `call'
  rack (1.6.10) lib/rack/sendfile.rb:113:in `call'
  railties (4.2.0) lib/rails/engine.rb:518:in `call'
  railties (4.2.0) lib/rails/application.rb:164:in `call'
  rack (1.6.10) lib/rack/lock.rb:17:in `call'
  rack (1.6.10) lib/rack/content_length.rb:15:in `call'
  rack (1.6.10) lib/rack/handler/webrick.rb:88:in `service'
  /home/matiasnote/.rvm/rubies/ruby-2.3.1/lib/ruby/2.3.0/webrick/httpserver.rb:140:in `service'
  /home/matiasnote/.rvm/rubies/ruby-2.3.1/lib/ruby/2.3.0/webrick/httpserver.rb:96:in `run'
  /home/matiasnote/.rvm/rubies/ruby-2.3.1/lib/ruby/2.3.0/webrick/server.rb:296:in `block in start_thread'


  Rendered /home/matiasnote/.rvm/gems/ruby-2.3.1/gems/actionpack-4.2.0/lib/action_dispatch/middleware/templates/rescues/_trace.html.erb (1.0ms)
  Rendered /home/matiasnote/.rvm/gems/ruby-2.3.1/gems/actionpack-4.2.0/lib/action_dispatch/middleware/templates/routes/_route.html.erb (0.7ms)
  Rendered /home/matiasnote/.rvm/gems/ruby-2.3.1/gems/actionpack-4.2.0/lib/action_dispatch/middleware/templates/routes/_table.html.erb (5.4ms)
  Rendered /home/matiasnote/.rvm/gems/ruby-2.3.1/gems/actionpack-4.2.0/lib/action_dispatch/middleware/templates/rescues/_request_and_response.html.erb (0.8ms)
  Rendered /home/matiasnote/.rvm/gems/ruby-2.3.1/gems/actionpack-4.2.0/lib/action_dispatch/middleware/templates/rescues/routing_error.html.erb within rescues/layout (24.0ms)


Started GET "/apipie/1.0/people/new.html" for 127.0.0.1 at 2018-10-23 23:13:22 -0300
Processing by Apipie::ApipiesController#index as HTML
  Parameters: {"version"=>"1.0", "resource"=>"people", "method"=>"new.html"}
  Rendered /home/matiasnote/.rvm/gems/ruby-2.3.1/gems/apipie-rails-0.5.13/app/views/apipie/apipies/_languages.erb (0.0ms)
  Rendered /home/matiasnote/.rvm/gems/ruby-2.3.1/gems/apipie-rails-0.5.13/app/views/apipie/apipies/_headers.html.erb (0.4ms)
  Rendered /home/matiasnote/.rvm/gems/ruby-2.3.1/gems/apipie-rails-0.5.13/app/views/apipie/apipies/_method_detail.erb (2.2ms)
  Rendered /home/matiasnote/.rvm/gems/ruby-2.3.1/gems/apipie-rails-0.5.13/app/views/apipie/apipies/method.html.erb within layouts/apipie/apipie (4.5ms)
Completed 200 OK in 24ms (Views: 8.0ms | ActiveRecord: 0.0ms)


Started GET "/apipie/stylesheets/bundled/bootstrap.min.css" for 127.0.0.1 at 2018-10-23 23:13:22 -0300


Started GET "/apipie/javascripts/bundled/jquery.js" for 127.0.0.1 at 2018-10-23 23:13:22 -0300


Started GET "/apipie/stylesheets/bundled/prettify.css" for 127.0.0.1 at 2018-10-23 23:13:22 -0300


Started GET "/apipie/stylesheets/bundled/bootstrap-responsive.min.css" for 127.0.0.1 at 2018-10-23 23:13:22 -0300


Started GET "/apipie/stylesheets/application.css" for 127.0.0.1 at 2018-10-23 23:13:22 -0300


Started GET "/apipie/javascripts/bundled/bootstrap-collapse.js" for 127.0.0.1 at 2018-10-23 23:13:22 -0300


Started GET "/apipie/javascripts/apipie.js" for 127.0.0.1 at 2018-10-23 23:13:22 -0300


Started GET "/apipie/javascripts/bundled/prettify.js" for 127.0.0.1 at 2018-10-23 23:13:22 -0300


Started GET "/serviceworker.js" for 127.0.0.1 at 2018-10-23 23:13:23 -0300

ActionController::RoutingError (No route matches [GET] "/serviceworker.js"):
  actionpack (4.2.0) lib/action_dispatch/middleware/debug_exceptions.rb:21:in `call'
  actionpack (4.2.0) lib/action_dispatch/middleware/show_exceptions.rb:30:in `call'
  railties (4.2.0) lib/rails/rack/logger.rb:38:in `call_app'
  railties (4.2.0) lib/rails/rack/logger.rb:20:in `block in call'
  activesupport (4.2.0) lib/active_support/tagged_logging.rb:68:in `block in tagged'
  activesupport (4.2.0) lib/active_support/tagged_logging.rb:26:in `tagged'
  activesupport (4.2.0) lib/active_support/tagged_logging.rb:68:in `tagged'
  railties (4.2.0) lib/rails/rack/logger.rb:20:in `call'
  actionpack (4.2.0) lib/action_dispatch/middleware/request_id.rb:21:in `call'
  rack (1.6.10) lib/rack/methodoverride.rb:22:in `call'
  rack (1.6.10) lib/rack/runtime.rb:18:in `call'
  activesupport (4.2.0) lib/active_support/cache/strategy/local_cache_middleware.rb:28:in `call'
  rack (1.6.10) lib/rack/lock.rb:17:in `call'
  actionpack (4.2.0) lib/action_dispatch/middleware/static.rb:113:in `call'
  rack (1.6.10) lib/rack/sendfile.rb:113:in `call'
  railties (4.2.0) lib/rails/engine.rb:518:in `call'
  railties (4.2.0) lib/rails/application.rb:164:in `call'
  rack (1.6.10) lib/rack/lock.rb:17:in `call'
  rack (1.6.10) lib/rack/content_length.rb:15:in `call'
  rack (1.6.10) lib/rack/handler/webrick.rb:88:in `service'
  /home/matiasnote/.rvm/rubies/ruby-2.3.1/lib/ruby/2.3.0/webrick/httpserver.rb:140:in `service'
  /home/matiasnote/.rvm/rubies/ruby-2.3.1/lib/ruby/2.3.0/webrick/httpserver.rb:96:in `run'
  /home/matiasnote/.rvm/rubies/ruby-2.3.1/lib/ruby/2.3.0/webrick/server.rb:296:in `block in start_thread'


  Rendered /home/matiasnote/.rvm/gems/ruby-2.3.1/gems/actionpack-4.2.0/lib/action_dispatch/middleware/templates/rescues/_trace.html.erb (0.9ms)
  Rendered /home/matiasnote/.rvm/gems/ruby-2.3.1/gems/actionpack-4.2.0/lib/action_dispatch/middleware/templates/routes/_route.html.erb (0.7ms)
  Rendered /home/matiasnote/.rvm/gems/ruby-2.3.1/gems/actionpack-4.2.0/lib/action_dispatch/middleware/templates/routes/_table.html.erb (1.1ms)
  Rendered /home/matiasnote/.rvm/gems/ruby-2.3.1/gems/actionpack-4.2.0/lib/action_dispatch/middleware/templates/rescues/_request_and_response.html.erb (0.8ms)
  Rendered /home/matiasnote/.rvm/gems/ruby-2.3.1/gems/actionpack-4.2.0/lib/action_dispatch/middleware/templates/rescues/routing_error.html.erb within rescues/layout (17.6ms)


Started GET "/serviceworker.js" for 127.0.0.1 at 2018-10-23 23:13:26 -0300

ActionController::RoutingError (No route matches [GET] "/serviceworker.js"):
  actionpack (4.2.0) lib/action_dispatch/middleware/debug_exceptions.rb:21:in `call'
  actionpack (4.2.0) lib/action_dispatch/middleware/show_exceptions.rb:30:in `call'
  railties (4.2.0) lib/rails/rack/logger.rb:38:in `call_app'
  railties (4.2.0) lib/rails/rack/logger.rb:20:in `block in call'
  activesupport (4.2.0) lib/active_support/tagged_logging.rb:68:in `block in tagged'
  activesupport (4.2.0) lib/active_support/tagged_logging.rb:26:in `tagged'
  activesupport (4.2.0) lib/active_support/tagged_logging.rb:68:in `tagged'
  railties (4.2.0) lib/rails/rack/logger.rb:20:in `call'
  actionpack (4.2.0) lib/action_dispatch/middleware/request_id.rb:21:in `call'
  rack (1.6.10) lib/rack/methodoverride.rb:22:in `call'
  rack (1.6.10) lib/rack/runtime.rb:18:in `call'
  activesupport (4.2.0) lib/active_support/cache/strategy/local_cache_middleware.rb:28:in `call'
  rack (1.6.10) lib/rack/lock.rb:17:in `call'
  actionpack (4.2.0) lib/action_dispatch/middleware/static.rb:113:in `call'
  rack (1.6.10) lib/rack/sendfile.rb:113:in `call'
  railties (4.2.0) lib/rails/engine.rb:518:in `call'
  railties (4.2.0) lib/rails/application.rb:164:in `call'
  rack (1.6.10) lib/rack/lock.rb:17:in `call'
  rack (1.6.10) lib/rack/content_length.rb:15:in `call'
  rack (1.6.10) lib/rack/handler/webrick.rb:88:in `service'
  /home/matiasnote/.rvm/rubies/ruby-2.3.1/lib/ruby/2.3.0/webrick/httpserver.rb:140:in `service'
  /home/matiasnote/.rvm/rubies/ruby-2.3.1/lib/ruby/2.3.0/webrick/httpserver.rb:96:in `run'
  /home/matiasnote/.rvm/rubies/ruby-2.3.1/lib/ruby/2.3.0/webrick/server.rb:296:in `block in start_thread'


  Rendered /home/matiasnote/.rvm/gems/ruby-2.3.1/gems/actionpack-4.2.0/lib/action_dispatch/middleware/templates/rescues/_trace.html.erb (1.9ms)
  Rendered /home/matiasnote/.rvm/gems/ruby-2.3.1/gems/actionpack-4.2.0/lib/action_dispatch/middleware/templates/routes/_route.html.erb (1.7ms)
  Rendered /home/matiasnote/.rvm/gems/ruby-2.3.1/gems/actionpack-4.2.0/lib/action_dispatch/middleware/templates/routes/_table.html.erb (1.1ms)
  Rendered /home/matiasnote/.rvm/gems/ruby-2.3.1/gems/actionpack-4.2.0/lib/action_dispatch/middleware/templates/rescues/_request_and_response.html.erb (0.9ms)
  Rendered /home/matiasnote/.rvm/gems/ruby-2.3.1/gems/actionpack-4.2.0/lib/action_dispatch/middleware/templates/rescues/routing_error.html.erb within rescues/layout (25.1ms)
